Arguments: 
  /home/elements/.nvm/versions/node/v10.13.0/bin/node /usr/share/yarn/bin/yarn.js init

PATH: 
  /home/elements/.nvm/versions/node/v10.13.0/bin:/usr/local/sbin:/usr/local/bin:/usr/sbin:/usr/bin:/sbin:/bin:/usr/games:/usr/local/games:/mnt/c/Program Files (x86)/Common Files/Oracle/Java/javapath:/mnt/c/Windows/System32:/mnt/c/Windows:/mnt/c/Windows/System32/wbem:/mnt/c/Windows/System32/WindowsPowerShell/v1.0:/mnt/c/Windows/System32/OpenSSH:/mnt/c/Program Files/Microsoft VS Code/bin:/mnt/c/Program Files/Git/cmd:/mnt/c/Users/Aaron/AppData/Local/Microsoft/WindowsApps:/mnt/c/Users/Aaron/Downloads/ncat-portable-5.59BETA1/ncat-portable-5.59BETA1:/mnt/c/Users/Aaron/AppData/Local/Programs/Fiddler:/mnt/c/Program Files/Docker Toolbox:/snap/bin

Yarn version: 
  1.15.2

Node version: 
  10.13.0

Platform: 
  linux x64

Trace: 
  Error: canceled
      at Interface.<anonymous> (/usr/share/yarn/lib/cli.js:125801:13)
      at Interface.emit (events.js:182:13)
      at Interface._ttyWrite (readline.js:783:16)
      at ReadStream.onkeypress (readline.js:168:10)
      at ReadStream.emit (events.js:182:13)
      at emitKeys (internal/readline.js:424:14)
      at emitKeys.next (<anonymous>)
      at ReadStream.onData (readline.js:1022:36)
      at ReadStream.emit (events.js:182:13)
      at addChunk (_stream_readable.js:283:12)

npm manifest: 
  No manifest

yarn manifest: 
  No manifest

Lockfile: 
  No lockfile
